<?xml version="1.0" encoding="UTF-8"?>
<!-- Generated by org.testng.reporters.JUnitXMLReporter -->
<testsuite hostname="SAMINCHANA" ignored="4" name="Functional Test" tests="10" failures="1" timestamp="2019-11-27T16:48:09 IST" time="0.109" errors="0">
  <testcase name="Test1" time="0.012" classname="SecondMavenProject.SecondMavenProject.GroupingMethods"/>
  <testcase name="Test2" time="0.002" classname="SecondMavenProject.SecondMavenProject.GroupingMethods"/>
  <testcase name="Test3" time="0.002" classname="SecondMavenProject.SecondMavenProject.GroupingMethods"/>
  <testcase name="Test4" time="0.003" classname="SecondMavenProject.SecondMavenProject.GroupingMethods"/>
  <testcase name="Test5" time="0.001" classname="SecondMavenProject.SecondMavenProject.GroupingMethods"/>
  <testcase name="test1" time="0.002" classname="SecondMavenProject.SecondMavenProject.DependsOnMethod"/>
  <testcase name="test4" time="0.002" classname="SecondMavenProject.SecondMavenProject.DependsOnMethod"/>
  <testcase name="test2" time="0.005" classname="SecondMavenProject.SecondMavenProject.DependsOnMethod">
    <failure type="java.lang.AssertionError" message="did not expect to find [true] but found [false]">
      <![CDATA[java.lang.AssertionError: did not expect to find [true] but found [false]
at SecondMavenProject.SecondMavenProject.DependsOnMethod.test2(DependsOnMethod.java:15)
at java.util.ArrayList.forEach(Unknown Source)
... Removed 31 stack frames]]>
    </failure>
  </testcase> <!-- test2 -->
  <testcase name="test3" time="0.0" classname="SecondMavenProject.SecondMavenProject.DependsOnMethod">
    <skipped/>
  </testcase> <!-- test3 -->
  <testcase name="test5" time="0.001" classname="SecondMavenProject.SecondMavenProject.DependsOnMethod"/>
  <testcase name="test6" time="0.0" classname="SecondMavenProject.SecondMavenProject.DependsOnMethod">
    <ignored/>
  </testcase> <!-- test6 -->
  <testcase name="Test5" time="0.0" classname="SecondMavenProject.SecondMavenProject.Annotations">
    <ignored/>
  </testcase> <!-- Test5 -->
  <testcase name="Test6" time="0.0" classname="SecondMavenProject.SecondMavenProject.Annotations">
    <ignored/>
  </testcase> <!-- Test6 -->
  <testcase name="Test7" time="0.0" classname="SecondMavenProject.SecondMavenProject.Annotations">
    <ignored/>
  </testcase> <!-- Test7 -->
</testsuite> <!-- Functional Test -->
