<html>
<head>
<title>TestNG:  Functional Test</title>
<link href="../testng.css" rel="stylesheet" type="text/css" />
<link href="../my-testng.css" rel="stylesheet" type="text/css" />

<style type="text/css">
.log { display: none;} 
.stack-trace { display: none;} 
</style>
<script type="text/javascript">
<!--
function flip(e) {
  current = e.style.display;
  if (current == 'block') {
    e.style.display = 'none';
    return 0;
  }
  else {
    e.style.display = 'block';
    return 1;
  }
}

function toggleBox(szDivId, elem, msg1, msg2)
{
  var res = -1;  if (document.getElementById) {
    res = flip(document.getElementById(szDivId));
  }
  else if (document.all) {
    // this is the way old msie versions work
    res = flip(document.all[szDivId]);
  }
  if(elem) {
    if(res == 0) elem.innerHTML = msg1; else elem.innerHTML = msg2;
  }

}

function toggleAllBoxes() {
  if (document.getElementsByTagName) {
    d = document.getElementsByTagName('div');
    for (i = 0; i < d.length; i++) {
      if (d[i].className == 'log') {
        flip(d[i]);
      }
    }
  }
}

// -->
</script>

</head>
<body>
<h2 align='center'>Functional Test</h2><table border='1' align="center">
<tr>
<td>Tests passed/Failed/Skipped:</td><td>7/1/1</td>
</tr><tr>
<td>Started on:</td><td>Sat Nov 30 19:19:37 IST 2019</td>
</tr>
<tr><td>Total time:</td><td>0 seconds (86 ms)</td>
</tr><tr>
<td>Included groups:</td><td></td>
</tr><tr>
<td>Excluded groups:</td><td></td>
</tr>
</table><p/>
<small><i>(Hover the method name to see the test class name)</i></small><p/>
<table width='100%' border='1' class='invocation-failed'>
<tr><td colspan='4' align='center'><b>FAILED TESTS</b></td></tr>
<tr><td><b>Test method</b></td>
<td width="30%"><b>Exception</b></td>
<td width="10%"><b>Time (seconds)</b></td>
<td><b>Instance</b></td>
</tr>
<tr>
<td title='SecondMavenProject.SecondMavenProject.DependsOnMethodTest.test2()'><b>test2</b><br>Test class: SecondMavenProject.SecondMavenProject.DependsOnMethodTest</td>
<td><div><pre>java.lang.AssertionError: did not expect to find [true] but found [false]
	at SecondMavenProject.SecondMavenProject.DependsOnMethodTest.test2(DependsOnMethodTest.java:15)
	at java.util.concurrent.ThreadPoolExecutor.runWorker(ThreadPoolExecutor.java:1149)
	at java.util.concurrent.ThreadPoolExecutor$Worker.run(ThreadPoolExecutor.java:624)
	at java.lang.Thread.run(Thread.java:748)
... Removed 16 stack frames</pre></div><a href='#' onClick='toggleBox("stack-trace1094463125", this, "Click to show all stack frames", "Click to hide stack frames")'>Click to show all stack frames</a>
<div class='stack-trace' id='stack-trace1094463125'><pre>java.lang.AssertionError: did not expect to find [true] but found [false]
	at org.testng.Assert.fail(Assert.java:97)
	at org.testng.Assert.failNotEquals(Assert.java:969)
	at org.testng.Assert.assertTrue(Assert.java:43)
	at org.testng.Assert.assertTrue(Assert.java:53)
	at SecondMavenProject.SecondMavenProject.DependsOnMethodTest.test2(DependsOnMethodTest.java:15)
	at sun.reflect.NativeMethodAccessorImpl.invoke0(Native Method)
	at sun.reflect.NativeMethodAccessorImpl.invoke(NativeMethodAccessorImpl.java:62)
	at sun.reflect.DelegatingMethodAccessorImpl.invoke(DelegatingMethodAccessorImpl.java:43)
	at java.lang.reflect.Method.invoke(Method.java:498)
	at org.testng.internal.MethodInvocationHelper.invokeMethod(MethodInvocationHelper.java:133)
	at org.testng.internal.TestInvoker.invokeMethod(TestInvoker.java:584)
	at org.testng.internal.TestInvoker.invokeTestMethod(TestInvoker.java:172)
	at org.testng.internal.MethodRunner.runInSequence(MethodRunner.java:46)
	at org.testng.internal.TestInvoker$MethodInvocationAgent.invoke(TestInvoker.java:804)
	at org.testng.internal.TestInvoker.invokeTestMethods(TestInvoker.java:145)
	at org.testng.internal.TestMethodWorker.invokeTestMethods(TestMethodWorker.java:146)
	at org.testng.internal.TestMethodWorker.run(TestMethodWorker.java:128)
	at java.util.concurrent.ThreadPoolExecutor.runWorker(ThreadPoolExecutor.java:1149)
	at java.util.concurrent.ThreadPoolExecutor$Worker.run(ThreadPoolExecutor.java:624)
	at java.lang.Thread.run(Thread.java:748)
</pre></div></td>
<td>0</td>
<td>SecondMavenProject.SecondMavenProject.DependsOnMethodTest@1f36e637</td></tr>
</table><p>
<table width='100%' border='1' class='invocation-passed'>
<tr><td colspan='4' align='center'><b>PASSED TESTS</b></td></tr>
<tr><td><b>Test method</b></td>
<td width="30%"><b>Exception</b></td>
<td width="10%"><b>Time (seconds)</b></td>
<td><b>Instance</b></td>
</tr>
<tr>
<td title='SecondMavenProject.SecondMavenProject.Annotations.Test5()'><b>Test5</b><br>Test class: SecondMavenProject.SecondMavenProject.Annotations</td>
<td></td>
<td>0</td>
<td>SecondMavenProject.SecondMavenProject.Annotations@2758fe70</td></tr>
<tr>
<td title='SecondMavenProject.SecondMavenProject.Annotations.Test6()'><b>Test6</b><br>Test class: SecondMavenProject.SecondMavenProject.Annotations</td>
<td></td>
<td>0</td>
<td>SecondMavenProject.SecondMavenProject.Annotations@2758fe70</td></tr>
<tr>
<td title='SecondMavenProject.SecondMavenProject.Annotations.Test7()'><b>Test7</b><br>Test class: SecondMavenProject.SecondMavenProject.Annotations</td>
<td></td>
<td>0</td>
<td>SecondMavenProject.SecondMavenProject.Annotations@2758fe70</td></tr>
<tr>
<td title='SecondMavenProject.SecondMavenProject.DependsOnMethodTest.test1()'><b>test1</b><br>Test class: SecondMavenProject.SecondMavenProject.DependsOnMethodTest</td>
<td></td>
<td>0</td>
<td>SecondMavenProject.SecondMavenProject.DependsOnMethodTest@1f36e637</td></tr>
<tr>
<td title='SecondMavenProject.SecondMavenProject.DependsOnMethodTest.test4()'><b>test4</b><br>Test class: SecondMavenProject.SecondMavenProject.DependsOnMethodTest</td>
<td></td>
<td>0</td>
<td>SecondMavenProject.SecondMavenProject.DependsOnMethodTest@1f36e637</td></tr>
<tr>
<td title='SecondMavenProject.SecondMavenProject.DependsOnMethodTest.test5()'><b>test5</b><br>Test class: SecondMavenProject.SecondMavenProject.DependsOnMethodTest</td>
<td></td>
<td>0</td>
<td>SecondMavenProject.SecondMavenProject.DependsOnMethodTest@1f36e637</td></tr>
<tr>
<td title='SecondMavenProject.SecondMavenProject.DependsOnMethodTest.test6()'><b>test6</b><br>Test class: SecondMavenProject.SecondMavenProject.DependsOnMethodTest</td>
<td></td>
<td>0</td>
<td>SecondMavenProject.SecondMavenProject.DependsOnMethodTest@1f36e637</td></tr>
</table><p>
<table width='100%' border='1' class='invocation-skipped'>
<tr><td colspan='4' align='center'><b>SKIPPED TESTS</b></td></tr>
<tr><td><b>Test method</b></td>
<td width="30%"><b>Exception</b></td>
<td width="10%"><b>Time (seconds)</b></td>
<td><b>Instance</b></td>
</tr>
<tr>
<td title='SecondMavenProject.SecondMavenProject.DependsOnMethodTest.test3()'><b>test3</b><br>Test class: SecondMavenProject.SecondMavenProject.DependsOnMethodTest</td>
<td><div><pre>java.lang.Throwable: Method DependsOnMethodTest.test3()[pri:2, instance:SecondMavenProject.SecondMavenProject.DependsOnMethodTest@1f36e637] depends on not successfully finished methods
	at java.util.concurrent.ThreadPoolExecutor.runWorker(ThreadPoolExecutor.java:1149)
	at java.util.concurrent.ThreadPoolExecutor$Worker.run(ThreadPoolExecutor.java:624)
	at java.lang.Thread.run(Thread.java:748)
... Removed 3 stack frames</pre></div><a href='#' onClick='toggleBox("stack-trace543116349", this, "Click to show all stack frames", "Click to hide stack frames")'>Click to show all stack frames</a>
<div class='stack-trace' id='stack-trace543116349'><pre>java.lang.Throwable: Method DependsOnMethodTest.test3()[pri:2, instance:SecondMavenProject.SecondMavenProject.DependsOnMethodTest@1f36e637] depends on not successfully finished methods
	at org.testng.internal.TestInvoker.invokeTestMethods(TestInvoker.java:99)
	at org.testng.internal.TestMethodWorker.invokeTestMethods(TestMethodWorker.java:146)
	at org.testng.internal.TestMethodWorker.run(TestMethodWorker.java:128)
	at java.util.concurrent.ThreadPoolExecutor.runWorker(ThreadPoolExecutor.java:1149)
	at java.util.concurrent.ThreadPoolExecutor$Worker.run(ThreadPoolExecutor.java:624)
	at java.lang.Thread.run(Thread.java:748)
</pre></div></td>
<td>0</td>
<td>SecondMavenProject.SecondMavenProject.DependsOnMethodTest@1f36e637</td></tr>
</table><p>
</body>
</html>