<?xml version="1.0" encoding="UTF-8"?>
<testng-results skipped="1" failed="1" ignored="0" total="9" passed="7">
  <reporter-output>
  </reporter-output>
  <suite name="Rel1.0 Suite" duration-ms="86" started-at="2019-11-30T19:19:37 IST" finished-at="2019-11-30T19:19:37 IST">
    <groups>
      <group name="regression">
        <method signature="DependsOnMethodTest.test1()[pri:0, instance:SecondMavenProject.SecondMavenProject.DependsOnMethodTest@1f36e637]" name="test1" class="SecondMavenProject.SecondMavenProject.DependsOnMethodTest"/>
        <method signature="DependsOnMethodTest.test2()[pri:1, instance:SecondMavenProject.SecondMavenProject.DependsOnMethodTest@1f36e637]" name="test2" class="SecondMavenProject.SecondMavenProject.DependsOnMethodTest"/>
        <method signature="DependsOnMethodTest.test3()[pri:2, instance:SecondMavenProject.SecondMavenProject.DependsOnMethodTest@1f36e637]" name="test3" class="SecondMavenProject.SecondMavenProject.DependsOnMethodTest"/>
      </group> <!-- regression -->
      <group name="sanity">
        <method signature="DependsOnMethodTest.test1()[pri:0, instance:SecondMavenProject.SecondMavenProject.DependsOnMethodTest@1f36e637]" name="test1" class="SecondMavenProject.SecondMavenProject.DependsOnMethodTest"/>
        <method signature="DependsOnMethodTest.test2()[pri:1, instance:SecondMavenProject.SecondMavenProject.DependsOnMethodTest@1f36e637]" name="test2" class="SecondMavenProject.SecondMavenProject.DependsOnMethodTest"/>
        <method signature="DependsOnMethodTest.test3()[pri:2, instance:SecondMavenProject.SecondMavenProject.DependsOnMethodTest@1f36e637]" name="test3" class="SecondMavenProject.SecondMavenProject.DependsOnMethodTest"/>
        <method signature="DependsOnMethodTest.test4()[pri:0, instance:SecondMavenProject.SecondMavenProject.DependsOnMethodTest@1f36e637]" name="test4" class="SecondMavenProject.SecondMavenProject.DependsOnMethodTest"/>
        <method signature="DependsOnMethodTest.test5()[pri:3, instance:SecondMavenProject.SecondMavenProject.DependsOnMethodTest@1f36e637]" name="test5" class="SecondMavenProject.SecondMavenProject.DependsOnMethodTest"/>
      </group> <!-- sanity -->
    </groups>
    <test name="Functional Test" duration-ms="86" started-at="2019-11-30T19:19:37 IST" finished-at="2019-11-30T19:19:37 IST">
      <class name="SecondMavenProject.SecondMavenProject.Annotations">
        <test-method status="PASS" signature="Test1()[pri:0, instance:SecondMavenProject.SecondMavenProject.Annotations@2758fe70]" name="Test1" is-config="true" duration-ms="17" started-at="2019-11-30T19:19:37 IST" finished-at="2019-11-30T19:19:37 IST">
          <reporter-output>
          </reporter-output>
        </test-method> <!-- Test1 -->
        <test-method status="PASS" signature="Test2()[pri:0, instance:SecondMavenProject.SecondMavenProject.Annotations@2758fe70]" name="Test2" is-config="true" duration-ms="1" started-at="2019-11-30T19:19:37 IST" finished-at="2019-11-30T19:19:37 IST">
          <reporter-output>
          </reporter-output>
        </test-method> <!-- Test2 -->
        <test-method status="PASS" signature="Test3()[pri:0, instance:SecondMavenProject.SecondMavenProject.Annotations@2758fe70]" name="Test3" is-config="true" duration-ms="0" started-at="2019-11-30T19:19:37 IST" finished-at="2019-11-30T19:19:37 IST">
          <reporter-output>
          </reporter-output>
        </test-method> <!-- Test3 -->
        <test-method status="PASS" signature="Test4()[pri:0, instance:SecondMavenProject.SecondMavenProject.Annotations@2758fe70]" name="Test4" is-config="true" duration-ms="2" started-at="2019-11-30T19:19:37 IST" finished-at="2019-11-30T19:19:37 IST">
          <reporter-output>
          </reporter-output>
        </test-method> <!-- Test4 -->
        <test-method status="PASS" signature="Test4()[pri:0, instance:SecondMavenProject.SecondMavenProject.Annotations@2758fe70]" name="Test4" is-config="true" duration-ms="1" started-at="2019-11-30T19:19:37 IST" finished-at="2019-11-30T19:19:37 IST">
          <reporter-output>
          </reporter-output>
        </test-method> <!-- Test4 -->
        <test-method status="PASS" signature="Test4()[pri:0, instance:SecondMavenProject.SecondMavenProject.Annotations@2758fe70]" name="Test4" is-config="true" duration-ms="2" started-at="2019-11-30T19:19:37 IST" finished-at="2019-11-30T19:19:37 IST">
          <reporter-output>
          </reporter-output>
        </test-method> <!-- Test4 -->
        <test-method status="PASS" signature="Test6()[pri:0, instance:SecondMavenProject.SecondMavenProject.Annotations@2758fe70]" name="Test6" duration-ms="8" started-at="2019-11-30T19:19:37 IST" finished-at="2019-11-30T19:19:37 IST">
          <reporter-output>
          </reporter-output>
        </test-method> <!-- Test6 -->
        <test-method status="PASS" signature="Test5()[pri:0, instance:SecondMavenProject.SecondMavenProject.Annotations@2758fe70]" name="Test5" duration-ms="6" started-at="2019-11-30T19:19:37 IST" finished-at="2019-11-30T19:19:37 IST">
          <reporter-output>
          </reporter-output>
        </test-method> <!-- Test5 -->
        <test-method status="PASS" signature="Test7()[pri:0, instance:SecondMavenProject.SecondMavenProject.Annotations@2758fe70]" name="Test7" duration-ms="11" started-at="2019-11-30T19:19:37 IST" finished-at="2019-11-30T19:19:37 IST">
          <reporter-output>
          </reporter-output>
        </test-method> <!-- Test7 -->
        <test-method status="PASS" signature="Test8()[pri:0, instance:SecondMavenProject.SecondMavenProject.Annotations@2758fe70]" name="Test8" is-config="true" duration-ms="1" started-at="2019-11-30T19:19:37 IST" finished-at="2019-11-30T19:19:37 IST">
          <reporter-output>
          </reporter-output>
        </test-method> <!-- Test8 -->
        <test-method status="PASS" signature="Test8()[pri:0, instance:SecondMavenProject.SecondMavenProject.Annotations@2758fe70]" name="Test8" is-config="true" duration-ms="0" started-at="2019-11-30T19:19:37 IST" finished-at="2019-11-30T19:19:37 IST">
          <reporter-output>
          </reporter-output>
        </test-method> <!-- Test8 -->
        <test-method status="PASS" signature="Test8()[pri:0, instance:SecondMavenProject.SecondMavenProject.Annotations@2758fe70]" name="Test8" is-config="true" duration-ms="0" started-at="2019-11-30T19:19:37 IST" finished-at="2019-11-30T19:19:37 IST">
          <reporter-output>
          </reporter-output>
        </test-method> <!-- Test8 -->
        <test-method status="PASS" signature="Test9()[pri:0, instance:SecondMavenProject.SecondMavenProject.Annotations@2758fe70]" name="Test9" is-config="true" duration-ms="0" started-at="2019-11-30T19:19:37 IST" finished-at="2019-11-30T19:19:37 IST">
          <reporter-output>
          </reporter-output>
        </test-method> <!-- Test9 -->
        <test-method status="PASS" signature="Test10()[pri:0, instance:SecondMavenProject.SecondMavenProject.Annotations@2758fe70]" name="Test10" is-config="true" duration-ms="1" started-at="2019-11-30T19:19:37 IST" finished-at="2019-11-30T19:19:37 IST">
          <reporter-output>
          </reporter-output>
        </test-method> <!-- Test10 -->
        <test-method status="PASS" signature="Test11()[pri:0, instance:SecondMavenProject.SecondMavenProject.Annotations@2758fe70]" name="Test11" is-config="true" duration-ms="2" started-at="2019-11-30T19:19:37 IST" finished-at="2019-11-30T19:19:37 IST">
          <reporter-output>
          </reporter-output>
        </test-method> <!-- Test11 -->
      </class> <!-- SecondMavenProject.SecondMavenProject.Annotations -->
      <class name="SecondMavenProject.SecondMavenProject.DependsOnMethodTest">
        <test-method status="PASS" signature="test1()[pri:0, instance:SecondMavenProject.SecondMavenProject.DependsOnMethodTest@1f36e637]" name="test1" duration-ms="15" started-at="2019-11-30T19:19:37 IST" finished-at="2019-11-30T19:19:37 IST">
          <reporter-output>
          </reporter-output>
        </test-method> <!-- test1 -->
        <test-method status="PASS" signature="test4()[pri:0, instance:SecondMavenProject.SecondMavenProject.DependsOnMethodTest@1f36e637]" name="test4" duration-ms="12" started-at="2019-11-30T19:19:37 IST" finished-at="2019-11-30T19:19:37 IST">
          <reporter-output>
          </reporter-output>
        </test-method> <!-- test4 -->
        <test-method status="PASS" signature="test6()[pri:0, instance:SecondMavenProject.SecondMavenProject.DependsOnMethodTest@1f36e637]" name="test6" duration-ms="2" started-at="2019-11-30T19:19:37 IST" finished-at="2019-11-30T19:19:37 IST">
          <reporter-output>
          </reporter-output>
        </test-method> <!-- test6 -->
        <test-method status="PASS" signature="test5()[pri:3, instance:SecondMavenProject.SecondMavenProject.DependsOnMethodTest@1f36e637]" name="test5" duration-ms="2" started-at="2019-11-30T19:19:37 IST" depends-on-methods="SecondMavenProject.SecondMavenProject.DependsOnMethodTest.test4" finished-at="2019-11-30T19:19:37 IST">
          <reporter-output>
          </reporter-output>
        </test-method> <!-- test5 -->
        <test-method status="FAIL" signature="test2()[pri:1, instance:SecondMavenProject.SecondMavenProject.DependsOnMethodTest@1f36e637]" name="test2" duration-ms="6" started-at="2019-11-30T19:19:37 IST" depends-on-methods="SecondMavenProject.SecondMavenProject.DependsOnMethodTest.test1" finished-at="2019-11-30T19:19:37 IST">
          <exception class="java.lang.AssertionError">
            <message>
              <![CDATA[did not expect to find [true] but found [false]]]>
            </message>
            <full-stacktrace>
              <![CDATA[java.lang.AssertionError: did not expect to find [true] but found [false]
at org.testng.Assert.fail(Assert.java:97)
at org.testng.Assert.failNotEquals(Assert.java:969)
at org.testng.Assert.assertTrue(Assert.java:43)
at org.testng.Assert.assertTrue(Assert.java:53)
at SecondMavenProject.SecondMavenProject.DependsOnMethodTest.test2(DependsOnMethodTest.java:15)
at sun.reflect.NativeMethodAccessorImpl.invoke0(Native Method)
at sun.reflect.NativeMethodAccessorImpl.invoke(NativeMethodAccessorImpl.java:62)
at sun.reflect.DelegatingMethodAccessorImpl.invoke(DelegatingMethodAccessorImpl.java:43)
at java.lang.reflect.Method.invoke(Method.java:498)
at org.testng.internal.MethodInvocationHelper.invokeMethod(MethodInvocationHelper.java:133)
at org.testng.internal.TestInvoker.invokeMethod(TestInvoker.java:584)
at org.testng.internal.TestInvoker.invokeTestMethod(TestInvoker.java:172)
at org.testng.internal.MethodRunner.runInSequence(MethodRunner.java:46)
at org.testng.internal.TestInvoker$MethodInvocationAgent.invoke(TestInvoker.java:804)
at org.testng.internal.TestInvoker.invokeTestMethods(TestInvoker.java:145)
at org.testng.internal.TestMethodWorker.invokeTestMethods(TestMethodWorker.java:146)
at org.testng.internal.TestMethodWorker.run(TestMethodWorker.java:128)
at java.util.concurrent.ThreadPoolExecutor.runWorker(ThreadPoolExecutor.java:1149)
at java.util.concurrent.ThreadPoolExecutor$Worker.run(ThreadPoolExecutor.java:624)
at java.lang.Thread.run(Thread.java:748)
]]>
            </full-stacktrace>
          </exception> <!-- java.lang.AssertionError -->
          <reporter-output>
          </reporter-output>
        </test-method> <!-- test2 -->
        <test-method status="SKIP" signature="test3()[pri:2, instance:SecondMavenProject.SecondMavenProject.DependsOnMethodTest@1f36e637]" name="test3" duration-ms="0" started-at="2019-11-30T19:19:37 IST" depends-on-methods="SecondMavenProject.SecondMavenProject.DependsOnMethodTest.test2, SecondMavenProject.SecondMavenProject.DependsOnMethodTest.test1" finished-at="2019-11-30T19:19:37 IST">
          <exception class="java.lang.Throwable">
            <message>
              <![CDATA[Method DependsOnMethodTest.test3()[pri:2, instance:SecondMavenProject.SecondMavenProject.DependsOnMethodTest@1f36e637] depends on not successfully finished methods]]>
            </message>
            <full-stacktrace>
              <![CDATA[java.lang.Throwable: Method DependsOnMethodTest.test3()[pri:2, instance:SecondMavenProject.SecondMavenProject.DependsOnMethodTest@1f36e637] depends on not successfully finished methods
at org.testng.internal.TestInvoker.invokeTestMethods(TestInvoker.java:99)
at org.testng.internal.TestMethodWorker.invokeTestMethods(TestMethodWorker.java:146)
at org.testng.internal.TestMethodWorker.run(TestMethodWorker.java:128)
at java.util.concurrent.ThreadPoolExecutor.runWorker(ThreadPoolExecutor.java:1149)
at java.util.concurrent.ThreadPoolExecutor$Worker.run(ThreadPoolExecutor.java:624)
at java.lang.Thread.run(Thread.java:748)
]]>
            </full-stacktrace>
          </exception> <!-- java.lang.Throwable -->
          <reporter-output>
          </reporter-output>
        </test-method> <!-- test3 -->
      </class> <!-- SecondMavenProject.SecondMavenProject.DependsOnMethodTest -->
    </test> <!-- Functional Test -->
  </suite> <!-- Rel1.0 Suite -->
</testng-results>
